<?xml version="1.0" encoding="UTF-8"?>
<!-- Generated by org.testng.reporters.JUnitReportReporter -->
<testsuite hostname="pace-OptiPlex-360" name="Cable.LoginTest" tests="1" failures="0" timestamp="8 Dec 2017 12:47:34 GMT" time="3.309" errors="0">
  <testcase name="LoginTestone" time="3.309" classname="Cable.LoginTest"/>
</testsuite> <!-- Cable.LoginTest -->
